<?xml version="1.0" encoding="UTF-8"?>
<!-- Generated by org.testng.reporters.JUnitXMLReporter -->
<testsuite ignored="0" hostname="DESKTOP-BN365KO" failures="0" tests="1" name="TaskNopcommerce" time="0.85" errors="0" timestamp="2023-06-10T15:09:41 EET">
  <testcase classname="testcases.TestBase" name="@BeforeMethod setupDriver" time="-1.686402581224E9">
    <failure type="org.testng.TestNGException" message="
Parameter &amp;apos;browser&amp;apos; is required by BeforeMethod on method setupDriver but has not been marked @Optional or defined
in C:\Users\Mona\AppData\Local\JetBrains\IdeaIC2023.1\temp-testng-customsuite.xml">
      <![CDATA[org.testng.TestNGException: 
Parameter 'browser' is required by BeforeMethod on method setupDriver but has not been marked @Optional or defined
in C:\Users\Mona\AppData\Local\JetBrains\IdeaIC2023.1\temp-testng-customsuite.xml
at java.base/java.util.ArrayList.forEach(ArrayList.java:1511)
at com.intellij.rt.testng.IDEARemoteTestNG.run(IDEARemoteTestNG.java:66)
at com.intellij.rt.testng.RemoteTestNGStarter.main(RemoteTestNGStarter.java:105)
... Removed 25 stack frames]]>
    </failure>
  </testcase> <!-- @BeforeMethod setupDriver -->
  <testcase classname="testcases.TestBase" name="@AfterMethod getResult" time="0.0">
    <skipped/>
  </testcase> <!-- @AfterMethod getResult -->
  <testcase classname="testcases.TestBase" name="@AfterTest quit" time="0.002">
    <failure type="java.lang.NullPointerException">
      <![CDATA[java.lang.NullPointerException
at testcases.TestBase.quit(TestBase.java:77)
at com.intellij.rt.testng.IDEARemoteTestNG.run(IDEARemoteTestNG.java:66)
at com.intellij.rt.testng.RemoteTestNGStarter.main(RemoteTestNGStarter.java:105)
... Removed 21 stack frames]]>
    </failure>
  </testcase> <!-- @AfterTest quit -->
  <testcase classname="testcases.TC08_RandomCategory" name="testRandomCategory" time="0.0">
    <skipped/>
  </testcase> <!-- testRandomCategory -->
</testsuite> <!-- TaskNopcommerce -->
